{
  "RSpec": {
    "coverage": {
      "/home/ubuntu/workspace/BookMe/app/helpers/application_helper.rb": [
        1,
        null
      ],
      "/home/ubuntu/workspace/BookMe/app/helpers/users_helper.rb": [
        1,
        null
      ],
      "/home/ubuntu/workspace/BookMe/app/controllers/books_controller.rb": [
        1,
        null,
        1,
        6,
        null,
        null,
        1,
        0,
        0,
        null,
        null,
        null,
        1,
        0,
        0,
        null,
        null,
        1,
        0,
        null,
        null,
        1,
        0,
        null,
        null,
        1,
        6,
        6,
        null,
        6,
        3,
        null,
        null,
        6,
        null,
        null,
        1,
        6,
        null,
        6,
        2,
        2,
        0,
        null,
        2,
        null,
        null,
        2,
        null,
        4,
        0,
        null,
        4,
        4,
        4,
        4,
        null,
        null,
        null,
        1,
        0,
        null,
        null,
        1,
        0,
        0,
        0,
        null,
        0,
        0,
        0,
        0,
        null,
        null,
        null,
        1,
        0,
        0,
        0,
        0,
        null,
        null,
        null
      ],
      "/home/ubuntu/workspace/BookMe/app/controllers/application_controller.rb": [
        1,
        null,
        null,
        1,
        null
      ],
      "/home/ubuntu/workspace/BookMe/app/models/book.rb": [
        1,
        1,
        5,
        5,
        5,
        5,
        null,
        5,
        1,
        null,
        4,
        4,
        4,
        4,
        1,
        null,
        3,
        null,
        null,
        5,
        null,
        null,
        null,
        null
      ]
    },
    "timestamp": 1446842374
  }
}
